  gdx2d.c
D:\github\learnc\jni_demo\desktopjni\desktopjni\desktopjni\gdx2d.c(35,38): warning C4244: “=”: 从“float”转换到“uint32_t”，可能丢失数据
D:\github\learnc\jni_demo\desktopjni\desktopjni\desktopjni\gdx2d.c(36,38): warning C4244: “=”: 从“float”转换到“uint32_t”，可能丢失数据
D:\github\learnc\jni_demo\desktopjni\desktopjni\desktopjni\gdx2d.c(37,38): warning C4244: “=”: 从“float”转换到“uint32_t”，可能丢失数据
D:\github\learnc\jni_demo\desktopjni\desktopjni\desktopjni\gdx2d.c(41,38): warning C4244: “=”: 从“float”转换到“uint32_t”，可能丢失数据
D:\github\learnc\jni_demo\desktopjni\desktopjni\desktopjni\gdx2d.c(42,38): warning C4244: “=”: 从“float”转换到“uint32_t”，可能丢失数据
D:\github\learnc\jni_demo\desktopjni\desktopjni\desktopjni\gdx2d.c(46,38): warning C4244: “=”: 从“float”转换到“uint32_t”，可能丢失数据
D:\github\learnc\jni_demo\desktopjni\desktopjni\desktopjni\gdx2d.c(83,1): warning C4005: “min”: 宏重定义
D:\Windows Kits\10\Include\10.0.19041.0\ucrt\stdlib.h(1283): message : 参见“min”的前一个定义
D:\github\learnc\jni_demo\desktopjni\desktopjni\desktopjni\gdx2d.c(390,7): warning C4018: “>=”: 有符号/无符号不匹配
D:\github\learnc\jni_demo\desktopjni\desktopjni\desktopjni\gdx2d.c(390,29): warning C4018: “>=”: 有符号/无符号不匹配
D:\github\learnc\jni_demo\desktopjni\desktopjni\desktopjni\gdx2d.c(525,16): warning C4018: “>=”: 有符号/无符号不匹配
D:\github\learnc\jni_demo\desktopjni\desktopjni\desktopjni\gdx2d.c(659,1): warning C4005: “max”: 宏重定义
D:\Windows Kits\10\Include\10.0.19041.0\ucrt\stdlib.h(1282): message : 参见“max”的前一个定义
D:\github\learnc\jni_demo\desktopjni\desktopjni\desktopjni\gdx2d.c(728,13): warning C4018: “>”: 有符号/无符号不匹配
D:\github\learnc\jni_demo\desktopjni\desktopjni\desktopjni\gdx2d.c(750,14): warning C4018: “>”: 有符号/无符号不匹配
D:\github\learnc\jni_demo\desktopjni\desktopjni\desktopjni\gdx2d.c(783,10): warning C4018: “<”: 有符号/无符号不匹配
D:\github\learnc\jni_demo\desktopjni\desktopjni\desktopjni\gdx2d.c(785,9): warning C4018: “>=”: 有符号/无符号不匹配
D:\github\learnc\jni_demo\desktopjni\desktopjni\desktopjni\gdx2d.c(785,37): warning C4018: “>=”: 有符号/无符号不匹配
D:\github\learnc\jni_demo\desktopjni\desktopjni\desktopjni\gdx2d.c(787,34): warning C4018: “<”: 有符号/无符号不匹配
D:\github\learnc\jni_demo\desktopjni\desktopjni\desktopjni\gdx2d.c(789,10): warning C4018: “>=”: 有符号/无符号不匹配
D:\github\learnc\jni_demo\desktopjni\desktopjni\desktopjni\gdx2d.c(789,37): warning C4018: “>=”: 有符号/无符号不匹配
D:\github\learnc\jni_demo\desktopjni\desktopjni\desktopjni\gdx2d.c(830,9): warning C4018: “<”: 有符号/无符号不匹配
D:\github\learnc\jni_demo\desktopjni\desktopjni\desktopjni\gdx2d.c(835,9): warning C4018: “>=”: 有符号/无符号不匹配
D:\github\learnc\jni_demo\desktopjni\desktopjni\desktopjni\gdx2d.c(835,37): warning C4018: “>=”: 有符号/无符号不匹配
D:\github\learnc\jni_demo\desktopjni\desktopjni\desktopjni\gdx2d.c(837,16): warning C4018: “<”: 有符号/无符号不匹配
D:\github\learnc\jni_demo\desktopjni\desktopjni\desktopjni\gdx2d.c(842,10): warning C4018: “>=”: 有符号/无符号不匹配
D:\github\learnc\jni_demo\desktopjni\desktopjni\desktopjni\gdx2d.c(842,37): warning C4018: “>=”: 有符号/无符号不匹配
D:\github\learnc\jni_demo\desktopjni\desktopjni\desktopjni\gdx2d.c(848,14): warning C4018: “<”: 有符号/无符号不匹配
D:\github\learnc\jni_demo\desktopjni\desktopjni\desktopjni\gdx2d.c(849,13): warning C4018: “<”: 有符号/无符号不匹配
D:\github\learnc\jni_demo\desktopjni\desktopjni\desktopjni\gdx2d.c(850,13): warning C4018: “<”: 有符号/无符号不匹配
D:\github\learnc\jni_demo\desktopjni\desktopjni\desktopjni\gdx2d.c(850,35): warning C4018: “<”: 有符号/无符号不匹配
D:\github\learnc\jni_demo\desktopjni\desktopjni\desktopjni\gdx2d.c(909,9): warning C4018: “<”: 有符号/无符号不匹配
D:\github\learnc\jni_demo\desktopjni\desktopjni\desktopjni\gdx2d.c(913,9): warning C4018: “>=”: 有符号/无符号不匹配
D:\github\learnc\jni_demo\desktopjni\desktopjni\desktopjni\gdx2d.c(913,37): warning C4018: “>=”: 有符号/无符号不匹配
D:\github\learnc\jni_demo\desktopjni\desktopjni\desktopjni\gdx2d.c(915,16): warning C4018: “<”: 有符号/无符号不匹配
D:\github\learnc\jni_demo\desktopjni\desktopjni\desktopjni\gdx2d.c(919,10): warning C4018: “>=”: 有符号/无符号不匹配
D:\github\learnc\jni_demo\desktopjni\desktopjni\desktopjni\gdx2d.c(919,37): warning C4018: “>=”: 有符号/无符号不匹配
    正在创建库 D:\github\learnc\jni_demo\desktopjni\desktopjni\x64\Debug\desktopjni.lib 和对象 D:\github\learnc\jni_demo\desktopjni\desktopjni\x64\Debug\desktopjni.exp
  desktopjni.vcxproj -> D:\github\learnc\jni_demo\desktopjni\desktopjni\x64\Debug\desktopjni.dll
